[05/28 14:12:40] werwer (admin) editou werwer (admin) :: Stamina de 3.08 para 30
[05/29 01:52:34] werwer (admin) editou werwer (admin) :: Hits de 1 para 10
[08/05 03:26:54] eeeeeee wwww (test) editou Tiranossauro (error{ errortext = "Not attached to an account" }) :: Hits de 75.15 para 200
[08/05 06:03:01] eeeeeee wwww (test) editou eeeeeee wwww (test) :: Hits de 11 para 2
[12/03 16:27:24] eeeeeee wwww (admin) editou Isilmë Meldo (azrats) :: Hunger de 141.02 para 400
[12/08 21:01:26] WispWisp (admin) editou WispWisp (admin) :: Hits de 6 para 0
[12/16 04:34:12] Vitor fdlima (admin) editou Urso Negro (error{ errortext = "Not attached to an account" }) :: Hits de 19 para 30
[12/16 04:35:38] Vitor fdlima (admin) editou Test FrRre (test) :: Hits de 8 para 1
[12/16 04:38:58] Vitor fdlima (admin) editou Test FrRre (test) :: Hits de 8 para 1
[12/16 04:40:35] Vitor fdlima (admin) editou Test FrRre (test) :: Hits de 8 para 1
[12/16 05:27:46] Vitor fdlima (admin) editou teste (Azrats) :: Stamina de 3.88 para 663.8866
[12/17 04:08:10] Amila Desfurte (admin) editou Amila Desfurte (admin) :: Stamina de 62 para 40
[12/17 04:08:20] Amila Desfurte (admin) editou Amila Desfurte (admin) :: Stamina de 41.25 para 90
[12/17 06:07:21] werwer werer (admin) editou werwer werer (admin) :: DP de 30 para 20
[12/17 06:08:11] werwer werer (admin) editou werwer werer (admin) :: DP de 10.02 para 20
[12/17 06:08:29] werwer werer (admin) editou werwer werer (admin) :: DP de 10.01 para 21
[12/17 06:09:21] werwer werer (admin) editou werwer werer (admin) :: DP de 11.02 para 21
[12/17 06:10:26] werwer werer (admin) editou werwer werer (admin) :: DP de 11.02 para 20
[12/17 06:13:23] werwer werer (admin) editou werwer werer (admin) :: DP de 0.3 para 20
[12/17 06:16:03] Test (admin) editou Test (admin) :: DP de 20.14 para 18
[12/17 06:16:19] Test (admin) editou Test (admin) :: DP de 18.02 para 5
[12/17 06:18:00] Test (admin) editou Test (admin) :: DP de 5.02 para 25
[12/17 06:20:22] Test (admin) editou Test (admin) :: DP de 5.26 para 20
[12/17 06:22:54] Test (admin) editou Test (admin) :: DP de 10.03 para 20
[12/17 06:26:19] Test (admin) editou Test (admin) :: DP de 10.39 para 20
[12/17 18:04:44] Amila Desfurte (admin) editou Fantasminha (test) :: DP de 10.67 para 21
[12/18 00:15:06] Amila Desfurte (admin) editou Ravengar Turion (ravengar) :: DP de 22.55 para 30
